<?xml version="1.0" encoding="UTF-8"?>
<!-- Generated by org.testng.reporters.JUnitReportReporter -->
<testsuite hostname="DESKTOP-R117LAU" name="com.ap.testcases.HomePageTests" tests="1" failures="0" timestamp="20 Jan 2020 01:13:56 GMT" time="8.883" errors="0">
  <testcase name="validateRxRefillLinks" time="8.883" classname="com.ap.testcases.HomePageTests"/>
</testsuite> <!-- com.ap.testcases.HomePageTests -->
