<?xml version="1.0" encoding="UTF-8"?>
<!-- Generated by org.testng.reporters.JUnitReportReporter -->
<testsuite skipped="2" hostname="JUELAHMEDD814" name="com.ap.testcases.TestCaseAveeno" tests="3" failures="0" timestamp="20 Jan 2020 19:34:38 GMT" time="9.062" errors="0">
  <testcase name="clickSearchBoxtoType" time="9.062" classname="com.ap.testcases.TestCaseAveeno"/>
  <testcase name="login" classname="com.ap.testcases.TestCaseAveeno">
    <skipped/>
  </testcase> <!-- login -->
  <testcase name="validateRxRefillLinks" classname="com.ap.testcases.TestCaseAveeno">
    <skipped/>
  </testcase> <!-- validateRxRefillLinks -->
</testsuite> <!-- com.ap.testcases.TestCaseAveeno -->
