<?xml version="1.0" encoding="UTF-8"?>
<!-- Generated by org.testng.reporters.JUnitReportReporter -->
<testsuite hostname="DESKTOP-R117LAU" name="com.ap.testcases.Login" tests="1" failures="0" timestamp="12 Jan 2020 18:37:15 GMT" time="2.869" errors="0">
  <testcase name="login" time="2.869" classname="com.ap.testcases.Login"/>
</testsuite> <!-- com.ap.testcases.Login -->
