<?xml version="1.0" encoding="UTF-8"?>
<!-- Generated by org.testng.reporters.JUnitReportReporter -->
<<<<<<< HEAD
<testsuite skipped="0" hostname="DESKTOP-21Q3S9S" name="com.ap.testcases.Login" tests="1" failures="0" timestamp="15 Jan 2020 23:49:24 GMT" time="8.283" errors="0">
  <testcase name="login" time="8.283" classname="com.ap.testcases.Login"/>
=======
<testsuite hostname="DESKTOP-R117LAU" name="com.ap.testcases.Login" tests="1" failures="0" timestamp="12 Jan 2020 18:37:15 GMT" time="2.869" errors="0">
  <testcase name="login" time="2.869" classname="com.ap.testcases.Login"/>
>>>>>>> 14942f4f456feeeb79763560d3aa55e6d8ba54e8
</testsuite> <!-- com.ap.testcases.Login -->
