<?xml version="1.0" encoding="UTF-8"?>
<!-- Generated by org.testng.reporters.JUnitReportReporter -->
<testsuite hostname="DESKTOP-R117LAU" name="com.ap.testcases.Login" tests="1" failures="0" timestamp="19 Jan 2020 23:59:53 GMT" time="2.814" errors="0">
  <testcase name="login" time="2.814" classname="com.ap.testcases.Login"/>
</testsuite> <!-- com.ap.testcases.Login -->
