<?xml version="1.0" encoding="UTF-8"?>
<!-- Generated by org.testng.reporters.JUnitReportReporter -->
<testsuite skipped="0" hostname="DESKTOP-21Q3S9S" name="com.ap.testcases.Login" tests="1" failures="0" timestamp="15 Jan 2020 23:49:24 GMT" time="8.283" errors="0">
  <testcase name="login" time="8.283" classname="com.ap.testcases.Login"/>
</testsuite> <!-- com.ap.testcases.Login -->
