<?xml version="1.0" encoding="UTF-8"?>
<!-- Generated by org.testng.reporters.JUnitReportReporter -->
<testsuite hostname="DESKTOP-R117LAU" name="com.ap.testcases.RxRefillLinksTest" tests="1" failures="0" timestamp="22 Jan 2020 03:48:28 GMT" time="53.469" errors="0">
  <testcase name="validateRXlinksClickable" time="53.469" classname="com.ap.testcases.RxRefillLinksTest"/>
</testsuite> <!-- com.ap.testcases.RxRefillLinksTest -->
