<?xml version="1.0" encoding="UTF-8"?>
<!-- Generated by org.testng.reporters.JUnitReportReporter -->
<testsuite skipped="1" hostname="JUELAHMEDD814" name="com.ap.testcases.HomePageTests" tests="2" failures="0" timestamp="20 Jan 2020 18:29:28 GMT" time="4.530" errors="0">
  <testcase name="validateRxRefillLinks" time="4.530" classname="com.ap.testcases.HomePageTests"/>
  <testcase name="login" classname="com.ap.testcases.HomePageTests">
    <skipped/>
  </testcase> <!-- login -->
</testsuite> <!-- com.ap.testcases.HomePageTests -->
